Build started 2/23/2017 3:24:37 PM.
     1>Project "C:\Users\HafizHamza\documents\visual studio 2010\Projects\Mark Sheet\Mark Sheet\Mark Sheet.vcxproj" on node 2 (build target(s)).
     1>InitializeBuildStatus:
         Creating "Debug\Mark Sheet.unsuccessfulbuild" because "AlwaysCreate" was specified.
       ClCompile:
         C:\Program Files (x86)\Microsoft Visual Studio 10.0\VC\bin\CL.exe /c /ZI /nologo /W3 /WX- /Od /Oy- /D _MBCS /Gm /EHsc /RTC1 /MDd /GS /fp:precise /Zc:wchar_t /Zc:forScope /Fo"Debug\\" /Fd"Debug\vc100.pdb" /Gd /TP /analyze- /errorReport:prompt "Mark Sheet.cpp"
         Mark Sheet.cpp
     1>c:\users\hafizhamza\documents\visual studio 2010\projects\mark sheet\mark sheet\mark sheet.cpp(32): warning C4244: '=' : conversion from 'int' to 'float', possible loss of data
       Link:
         C:\Program Files (x86)\Microsoft Visual Studio 10.0\VC\bin\link.exe /ERRORREPORT:PROMPT /OUT:"C:\Users\HafizHamza\documents\visual studio 2010\Projects\Mark Sheet\Debug\Mark Sheet.exe" /NOLOGO kernel32.lib user32.lib gdi32.lib winspool.lib comdlg32.lib advapi32.lib shell32.lib ole32.lib oleaut32.lib uuid.lib odbc32.lib odbccp32.lib /MANIFEST /ManifestFile:"Debug\Mark Sheet.exe.intermediate.manifest" /MANIFESTUAC:"level='asInvoker' uiAccess='false'" /DEBUG /PDB:"C:\Users\HafizHamza\documents\visual studio 2010\Projects\Mark Sheet\Debug\Mark Sheet.pdb" /TLBID:1 /DYNAMICBASE /NXCOMPAT /IMPLIB:"C:\Users\HafizHamza\documents\visual studio 2010\Projects\Mark Sheet\Debug\Mark Sheet.lib" /MACHINE:X86 "Debug\Mark Sheet.obj"
         LINK : C:\Users\HafizHamza\documents\visual studio 2010\Projects\Mark Sheet\Debug\Mark Sheet.exe not found or not built by the last incremental link; performing full link
         Mark Sheet.vcxproj -> C:\Users\HafizHamza\documents\visual studio 2010\Projects\Mark Sheet\Debug\Mark Sheet.exe
       Manifest:
         C:\Program Files (x86)\Microsoft SDKs\Windows\v7.0A\bin\mt.exe /nologo /verbose /outputresource:"C:\Users\HafizHamza\documents\visual studio 2010\Projects\Mark Sheet\Debug\Mark Sheet.exe;#1" /manifest "Debug\Mark Sheet.exe.intermediate.manifest"
       FinalizeBuildStatus:
         Deleting file "Debug\Mark Sheet.unsuccessfulbuild".
         Touching "Debug\Mark Sheet.lastbuildstate".
     1>Done Building Project "C:\Users\HafizHamza\documents\visual studio 2010\Projects\Mark Sheet\Mark Sheet\Mark Sheet.vcxproj" (build target(s)).

Build succeeded.

Time Elapsed 00:00:04.49
